app/admin/academics/page.tsx(86,59): error TS2322: Type '(id: string) => Promise<void>' is not assignable to type 'string | ((formData: FormData) => void | Promise<void>) | undefined'.
  Type '(id: string) => Promise<void>' is not assignable to type '(formData: FormData) => void | Promise<void>'.
    Types of parameters 'id' and 'formData' are incompatible.
      Type 'FormData' is not assignable to type 'string'.
app/admin/academics/promote/page.tsx(33,17): error TS2322: Type '({ user: { id: string; name: string | null; phone: string; email: string; password: string; role: string; image: string | null; createdAt: Date; updatedAt: Date; }; class: { academicYear: string; ... 4 more ...; teacherId: string | null; } | null; } & { ...; })[]' is not assignable to type 'Student[]'.
  Type '{ user: { id: string; name: string | null; phone: string; email: string; password: string; role: string; image: string | null; createdAt: Date; updatedAt: Date; }; class: { academicYear: string; ... 4 more ...; teacherId: string | null; } | null; } & { ...; }' is not assignable to type 'Student'.
    The types of 'user.name' are incompatible between these types.
      Type 'string | null' is not assignable to type 'string'.
        Type 'null' is not assignable to type 'string'.
app/admin/academics/timetable/class/[classId]/page.tsx(44,21): error TS2322: Type '({ teacher: ({ user: { id: string; name: string | null; phone: string; email: string; password: string; role: string; image: string | null; createdAt: Date; updatedAt: Date; }; } & { ...; }) | null; subject: { ...; } | null; timeSlot: { ...; }; } & { ...; })[]' is not assignable to type 'TimetableEntry[]'.
  Type '{ teacher: ({ user: { id: string; name: string | null; phone: string; email: string; password: string; role: string; image: string | null; createdAt: Date; updatedAt: Date; }; } & { ...; }) | null; subject: { ...; } | null; timeSlot: { ...; }; } & { ...; }' is not assignable to type 'TimetableEntry'.
    Types of property 'teacher' are incompatible.
      Type '({ user: { id: string; name: string | null; phone: string; email: string; password: string; role: string; image: string | null; createdAt: Date; updatedAt: Date; }; } & { subject: string | null; ... 8 more ...; experience: number | null; }) | null' is not assignable to type '{ user: { name: string; }; } | null'.
        Type '{ user: { id: string; name: string | null; phone: string; email: string; password: string; role: string; image: string | null; createdAt: Date; updatedAt: Date; }; } & { subject: string | null; ... 8 more ...; experience: number | null; }' is not assignable to type '{ user: { name: string; }; } | null'.
          Type '{ user: { id: string; name: string | null; phone: string; email: string; password: string; role: string; image: string | null; createdAt: Date; updatedAt: Date; }; } & { subject: string | null; ... 8 more ...; experience: number | null; }' is not assignable to type '{ user: { name: string; }; }'.
            The types of 'user.name' are incompatible between these types.
              Type 'string | null' is not assignable to type 'string'.
                Type 'null' is not assignable to type 'string'.
app/admin/academics/timetable/teacher/[teacherId]/page.tsx(39,21): error TS2322: Type '({ class: { academicYear: string; id: string; name: string; section: string; capacity: number; teacherId: string | null; }; subject: { id: string; name: string; teacherId: string | null; classId: string; code: string | null; credits: number; subjectGroupId: string | null; } | null; timeSlot: { ...; }; } & { ...; })[]' is not assignable to type 'TimetableEntry[]'.
  Property 'teacher' is missing in type '{ class: { academicYear: string; id: string; name: string; section: string; capacity: number; teacherId: string | null; }; subject: { id: string; name: string; teacherId: string | null; classId: string; code: string | null; credits: number; subjectGroupId: string | null; } | null; timeSlot: { ...; }; } & { ...; }' but required in type 'TimetableEntry'.
app/admin/academics/timetable/teacher/page.tsx(33,34): error TS18047: 't.user.name' is possibly 'null'.
app/admin/AdminLayoutClient.tsx(115,10): error TS2304: Cannot find name 'setIsMenuOpen'.
app/admin/communication/page.tsx(5,10): error TS2305: Module '"@/lib/actions"' has no exported member 'createAnnouncement'.
app/admin/communication/page.tsx(5,30): error TS2305: Module '"@/lib/actions"' has no exported member 'createPost'.
app/admin/communication/page.tsx(5,42): error TS2305: Module '"@/lib/actions"' has no exported member 'deleteAnnouncement'.
app/admin/communication/page.tsx(5,62): error TS2305: Module '"@/lib/actions"' has no exported member 'deletePost'.
app/admin/communication/page.tsx(5,74): error TS2305: Module '"@/lib/actions"' has no exported member 'createComment'.
app/admin/exams/[id]/marks/MarksEntryClient.tsx(4,10): error TS2305: Module '"@/lib/actions"' has no exported member 'addResult'.
app/admin/exams/[id]/marks/MarksEntryClient.tsx(4,21): error TS2305: Module '"@/lib/actions"' has no exported member 'bulkUpdateMarks'.
app/admin/exams/[id]/marks/page.tsx(44,53): error TS2339: Property 'workflowStatus' does not exist on type '{ student: { id: string; userId: string; admissionNo: string; rollNo: string | null; dob: Date | null; gender: string | null; address: string | null; phone: string | null; bloodGroup: string | null; ... 4 more ...; transportId: string | null; }; } & { ...; }'.
app/admin/exams/[id]/marks/page.tsx(130,21): error TS2322: Type '{ id: string; userId: string; admissionNo: string; rollNo: string | null; dob: Date | null; gender: string | null; address: string | null; phone: string | null; bloodGroup: string | null; ... 4 more ...; transportId: string | null; }[]' is not assignable to type 'Student[]'.
  Property 'name' is missing in type '{ id: string; userId: string; admissionNo: string; rollNo: string | null; dob: Date | null; gender: string | null; address: string | null; phone: string | null; bloodGroup: string | null; ... 4 more ...; transportId: string | null; }' but required in type 'Student'.
app/admin/exams/[id]/marks/page.tsx(134,21): error TS2322: Type '({ student: { id: string; userId: string; admissionNo: string; rollNo: string | null; dob: Date | null; gender: string | null; address: string | null; phone: string | null; bloodGroup: string | null; ... 4 more ...; transportId: string | null; }; } & { ...; })[]' is not assignable to type 'ExamResult[]'.
  Property 'status' is missing in type '{ student: { id: string; userId: string; admissionNo: string; rollNo: string | null; dob: Date | null; gender: string | null; address: string | null; phone: string | null; bloodGroup: string | null; ... 4 more ...; transportId: string | null; }; } & { ...; }' but required in type 'ExamResult'.
app/admin/exams/admit-cards/[id]/edit/page.tsx(74,34): error TS18047: 'admitCard.student.class' is possibly 'null'.
app/admin/exams/admit-cards/[id]/edit/page.tsx(74,65): error TS18047: 'admitCard.student.class' is possibly 'null'.
app/admin/exams/marksheets/[studentId]/[examGroupId]/page.tsx(70,17): error TS2739: Type '{ rollNo: string; class: { academicYear: string; id: string; name: string; section: string; capacity: number; teacherId: string | null; } | { name: string; section: string; }; name: string | null; fatherName: string; motherName: string; dateOfBirth: Date | null; }' is missing the following properties from type '{ name: string; rollNo: string; admissionNo: string; fatherName?: string | undefined; class: { name: string; section: string; }; profileImage: string | null; }': admissionNo, profileImage
app/admin/finance/discounts/new/page.tsx(38,33): error TS2322: Type '{ id: string; name: string | null; admissionNo: string; fees: { id: string; name: string; amount: number; }[]; }[]' is not assignable to type 'StudentData[]'.
  Type '{ id: string; name: string | null; admissionNo: string; fees: { id: string; name: string; amount: number; }[]; }' is not assignable to type 'StudentData'.
    Types of property 'name' are incompatible.
      Type 'string | null' is not assignable to type 'string'.
        Type 'null' is not assignable to type 'string'.
app/admin/finance/fees/page.tsx(163,38): error TS2339: Property 'description' does not exist on type '{ class: { academicYear: string; id: string; name: string; section: string; capacity: number; teacherId: string | null; } | null; } & { id: string; name: string; classId: string | null; amount: number; frequency: string; dueDate: Date | null; }'.
app/admin/finance/fees/page.tsx(165,46): error TS2339: Property 'description' does not exist on type '{ class: { academicYear: string; id: string; name: string; section: string; capacity: number; teacherId: string | null; } | null; } & { id: string; name: string; classId: string | null; amount: number; frequency: string; dueDate: Date | null; }'.
app/admin/finance/wallet/page.tsx(14,36): error TS2353: Object literal may only specify known properties, and 'date' does not exist in type 'WalletTransactionOrderByWithRelationInput | WalletTransactionOrderByWithRelationInput[]'.
app/admin/finance/wallet/page.tsx(45,104): error TS2339: Property 'user' does not exist on type '{ id: string; userId: string; admissionNo: string; rollNo: string | null; dob: Date | null; gender: string | null; address: string | null; phone: string | null; bloodGroup: string | null; ... 4 more ...; transportId: string | null; }'.
app/admin/finance/wallet/page.tsx(47,50): error TS2551: Property 'class' does not exist on type '{ id: string; userId: string; admissionNo: string; rollNo: string | null; dob: Date | null; gender: string | null; address: string | null; phone: string | null; bloodGroup: string | null; ... 4 more ...; transportId: string | null; }'. Did you mean 'classId'?
app/admin/finance/wallet/page.tsx(47,72): error TS2551: Property 'class' does not exist on type '{ id: string; userId: string; admissionNo: string; rollNo: string | null; dob: Date | null; gender: string | null; address: string | null; phone: string | null; bloodGroup: string | null; ... 4 more ...; transportId: string | null; }'. Did you mean 'classId'?
app/admin/finance/wallet/page.tsx(49,46): error TS2339: Property 'wallet' does not exist on type '{ id: string; userId: string; admissionNo: string; rollNo: string | null; dob: Date | null; gender: string | null; address: string | null; phone: string | null; bloodGroup: string | null; ... 4 more ...; transportId: string | null; }'.
app/admin/finance/wallet/page.tsx(51,64): error TS2339: Property 'wallet' does not exist on type '{ id: string; userId: string; admissionNo: string; rollNo: string | null; dob: Date | null; gender: string | null; address: string | null; phone: string | null; bloodGroup: string | null; ... 4 more ...; transportId: string | null; }'.
app/admin/finance/wallet/page.tsx(70,92): error TS2339: Property 'user' does not exist on type '{ id: string; userId: string; admissionNo: string; rollNo: string | null; dob: Date | null; gender: string | null; address: string | null; phone: string | null; bloodGroup: string | null; ... 4 more ...; transportId: string | null; }'.
app/admin/finance/wallet/page.tsx(75,90): error TS2339: Property 'wallet' does not exist on type '{ id: string; userId: string; admissionNo: string; rollNo: string | null; dob: Date | null; gender: string | null; address: string | null; phone: string | null; bloodGroup: string | null; ... 4 more ...; transportId: string | null; }'.
app/admin/finance/wallet/page.tsx(143,54): error TS2339: Property 'wallet' does not exist on type '{ id: string; userId: string; admissionNo: string; rollNo: string | null; dob: Date | null; gender: string | null; address: string | null; phone: string | null; bloodGroup: string | null; ... 4 more ...; transportId: string | null; }'.
app/admin/finance/wallet/page.tsx(143,79): error TS7006: Parameter 'txn' implicitly has an 'any' type.
app/admin/finance/wallet/page.tsx(154,56): error TS2339: Property 'wallet' does not exist on type '{ id: string; userId: string; admissionNo: string; rollNo: string | null; dob: Date | null; gender: string | null; address: string | null; phone: string | null; bloodGroup: string | null; ... 4 more ...; transportId: string | null; }'.
app/admin/finance/wallet/page.tsx(154,96): error TS2339: Property 'wallet' does not exist on type '{ id: string; userId: string; admissionNo: string; rollNo: string | null; dob: Date | null; gender: string | null; address: string | null; phone: string | null; bloodGroup: string | null; ... 4 more ...; transportId: string | null; }'.
app/admin/reports/academic/class-performance/page.tsx(2,37): error TS2307: Cannot find module '@/lib/actions/reports' or its corresponding type declarations.
app/admin/reports/academic/class-performance/page.tsx(8,32): error TS2339: Property 'exam' does not exist on type 'PrismaClient<PrismaClientOptions, never, DefaultArgs>'.
app/admin/reports/academic/class-performance/page.tsx(50,40): error TS7006: Parameter 'e' implicitly has an 'any' type.
app/admin/reports/academic/class-performance/page.tsx(79,51): error TS7006: Parameter 'cls' implicitly has an 'any' type.
app/admin/reports/academic/class-performance/page.tsx(79,56): error TS7006: Parameter 'index' implicitly has an 'any' type.
app/admin/reports/academic/rankings/page.tsx(2,36): error TS2307: Cannot find module '@/lib/actions/reports' or its corresponding type declarations.
app/admin/reports/academic/rankings/page.tsx(8,32): error TS2339: Property 'exam' does not exist on type 'PrismaClient<PrismaClientOptions, never, DefaultArgs>'.
app/admin/reports/academic/rankings/page.tsx(56,40): error TS7006: Parameter 'e' implicitly has an 'any' type.
app/admin/reports/academic/rankings/page.tsx(102,48): error TS7006: Parameter 'student' implicitly has an 'any' type.
app/admin/reports/academic/subject-analysis/page.tsx(2,39): error TS2307: Cannot find module '@/lib/actions/reports' or its corresponding type declarations.
app/admin/reports/academic/subject-analysis/page.tsx(8,32): error TS2339: Property 'exam' does not exist on type 'PrismaClient<PrismaClientOptions, never, DefaultArgs>'.
app/admin/reports/academic/subject-analysis/page.tsx(51,40): error TS7006: Parameter 'e' implicitly has an 'any' type.
app/admin/reports/academic/subject-analysis/page.tsx(81,48): error TS7006: Parameter 'subject' implicitly has an 'any' type.
app/admin/reports/academic/subject-analysis/page.tsx(81,57): error TS7006: Parameter 'index' implicitly has an 'any' type.
app/admin/reports/academic/toppers/page.tsx(2,28): error TS2307: Cannot find module '@/lib/actions/reports' or its corresponding type declarations.
app/admin/reports/academic/toppers/page.tsx(8,32): error TS2339: Property 'exam' does not exist on type 'PrismaClient<PrismaClientOptions, never, DefaultArgs>'.
app/admin/reports/academic/toppers/page.tsx(50,40): error TS7006: Parameter 'e' implicitly has an 'any' type.
app/admin/reports/academic/toppers/page.tsx(61,35): error TS7006: Parameter 'student' implicitly has an 'any' type.
app/admin/reports/academic/toppers/page.tsx(61,44): error TS7006: Parameter 'index' implicitly has an 'any' type.
app/admin/settings/academic-years/[id]/audit/page.tsx(40,18): error TS18048: 'logs' is possibly 'undefined'.
app/admin/settings/academic-years/[id]/audit/page.tsx(42,26): error TS18048: 'logs' is possibly 'undefined'.
app/admin/settings/academic-years/[id]/backup/page.tsx(43,17): error TS2322: Type '{ academicYear: string; id: string; name: string; createdAt: Date; createdBy: string; backupType: string; backupData: string; fileSize: number; }[] | undefined' is not assignable to type 'Backup[]'.
  Type 'undefined' is not assignable to type 'Backup[]'.
app/admin/settings/app-updates/page.tsx(11,31): error TS2322: Type '{ id: string; createdAt: Date; updatedAt: Date; version: string; buildNumber: number; releaseDate: Date; installedDate: Date | null; changelog: string | null; ... 7 more ...; updateStatus: string | null; } | null' is not assignable to type 'AppVersion | null'.
  Type '{ id: string; createdAt: Date; updatedAt: Date; version: string; buildNumber: number; releaseDate: Date; installedDate: Date | null; changelog: string | null; isCurrent: boolean; ... 6 more ...; updateStatus: string | null; }' is not assignable to type 'AppVersion'.
    Types of property 'releaseDate' are incompatible.
      Type 'Date' is not assignable to type 'string'.
app/admin/settings/app-updates/page.tsx(11,63): error TS2322: Type '{ id: string; createdAt: Date; updatedAt: Date; version: string; buildNumber: number; releaseDate: Date; installedDate: Date | null; changelog: string | null; isCurrent: boolean; ... 6 more ...; updateStatus: string | null; }[]' is not assignable to type 'AppVersion[]'.
  Type '{ id: string; createdAt: Date; updatedAt: Date; version: string; buildNumber: number; releaseDate: Date; installedDate: Date | null; changelog: string | null; isCurrent: boolean; ... 6 more ...; updateStatus: string | null; }' is not assignable to type 'AppVersion'.
    Types of property 'releaseDate' are incompatible.
      Type 'Date' is not assignable to type 'string'.
app/admin/settings/promotion-rules/new/page.tsx(30,19): error TS2322: Type '(formData: FormData) => Promise<{ success: boolean; error: string; }>' is not assignable to type 'string | ((formData: FormData) => void | Promise<void>) | undefined'.
  Type '(formData: FormData) => Promise<{ success: boolean; error: string; }>' is not assignable to type '(formData: FormData) => void | Promise<void>'.
    Type 'Promise<{ success: boolean; error: string; }>' is not assignable to type 'void | Promise<void>'.
      Type 'Promise<{ success: boolean; error: string; }>' is not assignable to type 'Promise<void>'.
        Type '{ success: boolean; error: string; }' is not assignable to type 'void'.
app/admin/students/[id]/page.tsx(37,21): error TS2353: Object literal may only specify known properties, and 'exam' does not exist in type 'ExamResultInclude<DefaultArgs>'.
app/admin/students/[id]/page.tsx(39,28): error TS2353: Object literal may only specify known properties, and 'createdAt' does not exist in type 'ExamResultOrderByWithRelationInput | ExamResultOrderByWithRelationInput[]'.
app/admin/students/[id]/page.tsx(54,31): error TS2339: Property 'attendance' does not exist on type '{ id: string; userId: string; admissionNo: string; rollNo: string | null; dob: Date | null; gender: string | null; address: string | null; phone: string | null; bloodGroup: string | null; ... 4 more ...; transportId: string | null; }'.
app/admin/students/[id]/page.tsx(55,33): error TS2339: Property 'attendance' does not exist on type '{ id: string; userId: string; admissionNo: string; rollNo: string | null; dob: Date | null; gender: string | null; address: string | null; phone: string | null; bloodGroup: string | null; ... 4 more ...; transportId: string | null; }'.
app/admin/students/[id]/page.tsx(55,51): error TS7006: Parameter 'a' implicitly has an 'any' type.
app/admin/students/[id]/page.tsx(59,31): error TS2339: Property 'studentFees' does not exist on type '{ id: string; userId: string; admissionNo: string; rollNo: string | null; dob: Date | null; gender: string | null; address: string | null; phone: string | null; bloodGroup: string | null; ... 4 more ...; transportId: string | null; }'.
app/admin/students/[id]/page.tsx(59,51): error TS7006: Parameter 'sum' implicitly has an 'any' type.
app/admin/students/[id]/page.tsx(59,56): error TS7006: Parameter 'fa' implicitly has an 'any' type.
app/admin/students/[id]/page.tsx(60,31): error TS2339: Property 'studentFees' does not exist on type '{ id: string; userId: string; admissionNo: string; rollNo: string | null; dob: Date | null; gender: string | null; address: string | null; phone: string | null; bloodGroup: string | null; ... 4 more ...; transportId: string | null; }'.
app/admin/students/[id]/page.tsx(60,51): error TS7006: Parameter 'sum' implicitly has an 'any' type.
app/admin/students/[id]/page.tsx(60,56): error TS7006: Parameter 'fa' implicitly has an 'any' type.
app/admin/students/[id]/page.tsx(61,35): error TS7006: Parameter 'pSum' implicitly has an 'any' type.
app/admin/students/[id]/page.tsx(61,41): error TS7006: Parameter 'p' implicitly has an 'any' type.
app/admin/students/[id]/page.tsx(91,38): error TS2339: Property 'user' does not exist on type '{ id: string; userId: string; admissionNo: string; rollNo: string | null; dob: Date | null; gender: string | null; address: string | null; phone: string | null; bloodGroup: string | null; ... 4 more ...; transportId: string | null; }'.
app/admin/students/[id]/page.tsx(93,50): error TS2339: Property 'user' does not exist on type '{ id: string; userId: string; admissionNo: string; rollNo: string | null; dob: Date | null; gender: string | null; address: string | null; phone: string | null; bloodGroup: string | null; ... 4 more ...; transportId: string | null; }'.
app/admin/students/[id]/page.tsx(94,50): error TS2339: Property 'user' does not exist on type '{ id: string; userId: string; admissionNo: string; rollNo: string | null; dob: Date | null; gender: string | null; address: string | null; phone: string | null; bloodGroup: string | null; ... 4 more ...; transportId: string | null; }'.
app/admin/students/[id]/page.tsx(103,42): error TS2339: Property 'user' does not exist on type '{ id: string; userId: string; admissionNo: string; rollNo: string | null; dob: Date | null; gender: string | null; address: string | null; phone: string | null; bloodGroup: string | null; ... 4 more ...; transportId: string | null; }'.
app/admin/students/[id]/page.tsx(106,51): error TS2339: Property 'rollNumber' does not exist on type '{ id: string; userId: string; admissionNo: string; rollNo: string | null; dob: Date | null; gender: string | null; address: string | null; phone: string | null; bloodGroup: string | null; ... 4 more ...; transportId: string | null; }'.
app/admin/students/[id]/page.tsx(109,48): error TS2551: Property 'class' does not exist on type '{ id: string; userId: string; admissionNo: string; rollNo: string | null; dob: Date | null; gender: string | null; address: string | null; phone: string | null; bloodGroup: string | null; ... 4 more ...; transportId: string | null; }'. Did you mean 'classId'?
app/admin/students/[id]/page.tsx(109,71): error TS2551: Property 'class' does not exist on type '{ id: string; userId: string; admissionNo: string; rollNo: string | null; dob: Date | null; gender: string | null; address: string | null; phone: string | null; bloodGroup: string | null; ... 4 more ...; transportId: string | null; }'. Did you mean 'classId'?
app/admin/students/[id]/page.tsx(116,104): error TS2339: Property 'user' does not exist on type '{ id: string; userId: string; admissionNo: string; rollNo: string | null; dob: Date | null; gender: string | null; address: string | null; phone: string | null; bloodGroup: string | null; ... 4 more ...; transportId: string | null; }'.
app/admin/students/[id]/page.tsx(120,95): error TS2339: Property 'user' does not exist on type '{ id: string; userId: string; admissionNo: string; rollNo: string | null; dob: Date | null; gender: string | null; address: string | null; phone: string | null; bloodGroup: string | null; ... 4 more ...; transportId: string | null; }'.
app/admin/students/[id]/page.tsx(125,46): error TS2339: Property 'dateOfBirth' does not exist on type '{ id: string; userId: string; admissionNo: string; rollNo: string | null; dob: Date | null; gender: string | null; address: string | null; phone: string | null; bloodGroup: string | null; ... 4 more ...; transportId: string | null; }'.
app/admin/students/[id]/page.tsx(125,77): error TS2339: Property 'dateOfBirth' does not exist on type '{ id: string; userId: string; admissionNo: string; rollNo: string | null; dob: Date | null; gender: string | null; address: string | null; phone: string | null; bloodGroup: string | null; ... 4 more ...; transportId: string | null; }'.
app/admin/students/[id]/page.tsx(188,80): error TS2339: Property 'examResults' does not exist on type '{ id: string; userId: string; admissionNo: string; rollNo: string | null; dob: Date | null; gender: string | null; address: string | null; phone: string | null; bloodGroup: string | null; ... 4 more ...; transportId: string | null; }'.
app/admin/students/[id]/page.tsx(195,30): error TS2551: Property 'parent' does not exist on type '{ id: string; userId: string; admissionNo: string; rollNo: string | null; dob: Date | null; gender: string | null; address: string | null; phone: string | null; bloodGroup: string | null; ... 4 more ...; transportId: string | null; }'. Did you mean 'parentId'?
app/admin/students/[id]/page.tsx(204,104): error TS2551: Property 'parent' does not exist on type '{ id: string; userId: string; admissionNo: string; rollNo: string | null; dob: Date | null; gender: string | null; address: string | null; phone: string | null; bloodGroup: string | null; ... 4 more ...; transportId: string | null; }'. Did you mean 'parentId'?
app/admin/students/[id]/page.tsx(208,104): error TS2551: Property 'parent' does not exist on type '{ id: string; userId: string; admissionNo: string; rollNo: string | null; dob: Date | null; gender: string | null; address: string | null; phone: string | null; bloodGroup: string | null; ... 4 more ...; transportId: string | null; }'. Did you mean 'parentId'?
app/admin/students/[id]/page.tsx(212,104): error TS2551: Property 'parent' does not exist on type '{ id: string; userId: string; admissionNo: string; rollNo: string | null; dob: Date | null; gender: string | null; address: string | null; phone: string | null; bloodGroup: string | null; ... 4 more ...; transportId: string | null; }'. Did you mean 'parentId'?
app/admin/students/[id]/page.tsx(216,113): error TS2551: Property 'parent' does not exist on type '{ id: string; userId: string; admissionNo: string; rollNo: string | null; dob: Date | null; gender: string | null; address: string | null; phone: string | null; bloodGroup: string | null; ... 4 more ...; transportId: string | null; }'. Did you mean 'parentId'?
app/admin/students/[id]/page.tsx(228,34): error TS2339: Property 'studentFees' does not exist on type '{ id: string; userId: string; admissionNo: string; rollNo: string | null; dob: Date | null; gender: string | null; address: string | null; phone: string | null; bloodGroup: string | null; ... 4 more ...; transportId: string | null; }'.
app/admin/students/[id]/page.tsx(230,42): error TS2339: Property 'studentFees' does not exist on type '{ id: string; userId: string; admissionNo: string; rollNo: string | null; dob: Date | null; gender: string | null; address: string | null; phone: string | null; bloodGroup: string | null; ... 4 more ...; transportId: string | null; }'.
app/admin/students/[id]/page.tsx(230,59): error TS7006: Parameter 'fa' implicitly has an 'any' type.
app/admin/students/[id]/page.tsx(231,70): error TS7006: Parameter 'sum' implicitly has an 'any' type.
app/admin/students/[id]/page.tsx(231,75): error TS7006: Parameter 'p' implicitly has an 'any' type.
app/admin/students/[id]/page.tsx(276,34): error TS2339: Property 'examResults' does not exist on type '{ id: string; userId: string; admissionNo: string; rollNo: string | null; dob: Date | null; gender: string | null; address: string | null; phone: string | null; bloodGroup: string | null; ... 4 more ...; transportId: string | null; }'.
app/admin/students/[id]/page.tsx(278,42): error TS2339: Property 'examResults' does not exist on type '{ id: string; userId: string; admissionNo: string; rollNo: string | null; dob: Date | null; gender: string | null; address: string | null; phone: string | null; bloodGroup: string | null; ... 4 more ...; transportId: string | null; }'.
app/admin/students/[id]/page.tsx(278,71): error TS7006: Parameter 'result' implicitly has an 'any' type.
app/admin/students/page.tsx(8,28): error TS2322: Type '({ user: { id: string; name: string | null; phone: string; email: string; password: string; role: string; image: string | null; createdAt: Date; updatedAt: Date; }; class: { academicYear: string; ... 4 more ...; teacherId: string | null; } | null; } & { ...; })[]' is not assignable to type 'Student[]'.
  Type '{ user: { id: string; name: string | null; phone: string; email: string; password: string; role: string; image: string | null; createdAt: Date; updatedAt: Date; }; class: { academicYear: string; ... 4 more ...; teacherId: string | null; } | null; } & { ...; }' is not assignable to type 'Student'.
    Types of property 'gender' are incompatible.
      Type 'string | null' is not assignable to type 'string'.
        Type 'null' is not assignable to type 'string'.
app/admin/teachers/TeachersClient.tsx(262,95): error TS2322: Type '{ label: string; value: string; icon: Element; }' is not assignable to type 'IntrinsicAttributes & { label: string; value: ReactNode; className?: string | undefined; }'.
  Property 'icon' does not exist on type 'IntrinsicAttributes & { label: string; value: ReactNode; className?: string | undefined; }'.
app/admin/teachers/TeachersClient.tsx(263,91): error TS2322: Type '{ label: string; value: string; icon: Element; }' is not assignable to type 'IntrinsicAttributes & { label: string; value: ReactNode; className?: string | undefined; }'.
  Property 'icon' does not exist on type 'IntrinsicAttributes & { label: string; value: ReactNode; className?: string | undefined; }'.
app/admin/transport/routes/[id]/page.tsx(112,33): error TS2322: Type '({ user: { id: string; name: string | null; phone: string; email: string; password: string; role: string; image: string | null; createdAt: Date; updatedAt: Date; }; class: { academicYear: string; ... 4 more ...; teacherId: string | null; } | null; transportMapping: ({ ...; } & { ...; }) | null; } & { ...; })[]' is not assignable to type 'Student[]'.
  Type '{ user: { id: string; name: string | null; phone: string; email: string; password: string; role: string; image: string | null; createdAt: Date; updatedAt: Date; }; class: { academicYear: string; ... 4 more ...; teacherId: string | null; } | null; transportMapping: ({ ...; } & { ...; }) | null; } & { ...; }' is not assignable to type 'Student'.
    Types of property 'class' are incompatible.
      Type '{ academicYear: string; id: string; name: string; section: string; capacity: number; teacherId: string | null; } | null' is not assignable to type '{ name: string; } | undefined'.
        Type 'null' is not assignable to type '{ name: string; } | undefined'.
app/admin/users/ResetPasswordForm.tsx(27,15): error TS2322: Type '(formData: FormData) => Promise<{ success: boolean; }>' is not assignable to type 'string | ((formData: FormData) => void | Promise<void>) | undefined'.
  Type '(formData: FormData) => Promise<{ success: boolean; }>' is not assignable to type '(formData: FormData) => void | Promise<void>'.
    Type 'Promise<{ success: boolean; }>' is not assignable to type 'void | Promise<void>'.
      Type 'Promise<{ success: boolean; }>' is not assignable to type 'Promise<void>'.
        Type '{ success: boolean; }' is not assignable to type 'void'.
app/admin/visitors/page.tsx(3,10): error TS2305: Module '"@/lib/actions"' has no exported member 'createVisitor'.
app/admin/visitors/page.tsx(3,25): error TS2305: Module '"@/lib/actions"' has no exported member 'updateVisitorExit'.
app/api/admin/academic-year/create/route.ts(26,26): error TS2339: Property 'academicYear' does not exist on type '{ success: boolean; error: string; message?: undefined; data?: undefined; } | { success: boolean; message: string; data: { id: string; name: string; createdAt: Date; updatedAt: Date; status: string; ... 6 more ...; rolledOverBy: string | null; }; error?: undefined; }'.
  Property 'academicYear' does not exist on type '{ success: boolean; error: string; message?: undefined; data?: undefined; }'.
app/api/backup/encryption/export/route.ts(3,10): error TS2305: Module '"@/lib/encryption"' has no exported member 'exportEncryptionKey'.
app/api/backup/encryption/import/route.ts(3,10): error TS2305: Module '"@/lib/encryption"' has no exported member 'importEncryptionKey'.
app/api/marksheets/list/route.ts(36,17): error TS2353: Object literal may only specify known properties, and 'name' does not exist in type 'StudentSelect<DefaultArgs>'.
app/student/academics/page.tsx(24,21): error TS2353: Object literal may only specify known properties, and 'exam' does not exist in type 'ExamResultInclude<DefaultArgs>'.
app/student/academics/page.tsx(34,28): error TS2353: Object literal may only specify known properties, and 'createdAt' does not exist in type 'ExamResultOrderByWithRelationInput | ExamResultOrderByWithRelationInput[]'.
app/student/academics/page.tsx(45,32): error TS2339: Property 'examResults' does not exist on type '{ id: string; userId: string; admissionNo: string; rollNo: string | null; dob: Date | null; gender: string | null; address: string | null; phone: string | null; bloodGroup: string | null; ... 4 more ...; transportId: string | null; }'.
app/student/academics/page.tsx(46,32): error TS2339: Property 'examResults' does not exist on type '{ id: string; userId: string; admissionNo: string; rollNo: string | null; dob: Date | null; gender: string | null; address: string | null; phone: string | null; bloodGroup: string | null; ... 4 more ...; transportId: string | null; }'.
app/student/academics/page.tsx(46,52): error TS7006: Parameter 'sum' implicitly has an 'any' type.
app/student/academics/page.tsx(46,57): error TS7006: Parameter 'r' implicitly has an 'any' type.
app/student/academics/page.tsx(47,35): error TS2339: Property 'examResults' does not exist on type '{ id: string; userId: string; admissionNo: string; rollNo: string | null; dob: Date | null; gender: string | null; address: string | null; phone: string | null; bloodGroup: string | null; ... 4 more ...; transportId: string | null; }'.
app/student/academics/page.tsx(47,55): error TS7006: Parameter 'sum' implicitly has an 'any' type.
app/student/academics/page.tsx(47,60): error TS7006: Parameter 'r' implicitly has an 'any' type.
app/student/academics/page.tsx(51,38): error TS2339: Property 'examResults' does not exist on type '{ id: string; userId: string; admissionNo: string; rollNo: string | null; dob: Date | null; gender: string | null; address: string | null; phone: string | null; bloodGroup: string | null; ... 4 more ...; transportId: string | null; }'.
app/student/academics/page.tsx(51,68): error TS7006: Parameter 'result' implicitly has an 'any' type.
app/student/academics/page.tsx(84,90): error TS2551: Property 'class' does not exist on type '{ id: string; userId: string; admissionNo: string; rollNo: string | null; dob: Date | null; gender: string | null; address: string | null; phone: string | null; bloodGroup: string | null; ... 4 more ...; transportId: string | null; }'. Did you mean 'classId'?
app/student/academics/page.tsx(154,107): error TS2339: Property 'examResults' does not exist on type '{ id: string; userId: string; admissionNo: string; rollNo: string | null; dob: Date | null; gender: string | null; address: string | null; phone: string | null; bloodGroup: string | null; ... 4 more ...; transportId: string | null; }'.
app/student/academics/page.tsx(157,26): error TS2339: Property 'examResults' does not exist on type '{ id: string; userId: string; admissionNo: string; rollNo: string | null; dob: Date | null; gender: string | null; address: string | null; phone: string | null; bloodGroup: string | null; ... 4 more ...; transportId: string | null; }'.
app/student/academics/page.tsx(160,38): error TS2339: Property 'examResults' does not exist on type '{ id: string; userId: string; admissionNo: string; rollNo: string | null; dob: Date | null; gender: string | null; address: string | null; phone: string | null; bloodGroup: string | null; ... 4 more ...; transportId: string | null; }'.
app/student/academics/page.tsx(160,55): error TS7006: Parameter 'result' implicitly has an 'any' type.
app/student/finance/receipts/[id]/page.tsx(113,108): error TS2339: Property 'transactionId' does not exist on type '{ studentFee: { student: { user: { id: string; name: string | null; phone: string; email: string; password: string; role: string; image: string | null; createdAt: Date; updatedAt: Date; }; class: { ...; } | null; } & { ...; }; feeStructure: { ...; }; } & { ...; }; } & { ...; }'.
app/student/finance/receipts/page.tsx(89,50): error TS2339: Property 'transactionId' does not exist on type '{ studentFee: { feeStructure: { id: string; name: string; classId: string | null; amount: number; frequency: string; dueDate: Date | null; }; } & { id: string; amount: number; status: string; ... 4 more ...; discount: number; }; } & { ...; }'.
app/student/payments/[id]/page.tsx(132,54): error TS2339: Property 'transactionId' does not exist on type '{ studentFee: { feeStructure: { id: string; name: string; classId: string | null; amount: number; frequency: string; dueDate: Date | null; }; } & { id: string; amount: number; status: string; ... 4 more ...; discount: number; }; } & { ...; }'.
app/student/profile/page.tsx(9,5): error TS2305: Module '"lucide-react"' has no exported member 'IdCard'.
app/student/profile/page.tsx(37,28): error TS2353: Object literal may only specify known properties, and 'createdAt' does not exist in type 'StudentFeeOrderByWithRelationInput | StudentFeeOrderByWithRelationInput[]'.
app/student/profile/page.tsx(66,31): error TS2339: Property 'studentFees' does not exist on type '{ id: string; userId: string; admissionNo: string; rollNo: string | null; dob: Date | null; gender: string | null; address: string | null; phone: string | null; bloodGroup: string | null; ... 4 more ...; transportId: string | null; }'.
app/student/profile/page.tsx(66,51): error TS7006: Parameter 'sum' implicitly has an 'any' type.
app/student/profile/page.tsx(66,56): error TS7006: Parameter 'f' implicitly has an 'any' type.
app/student/profile/page.tsx(67,32): error TS2339: Property 'studentFees' does not exist on type '{ id: string; userId: string; admissionNo: string; rollNo: string | null; dob: Date | null; gender: string | null; address: string | null; phone: string | null; bloodGroup: string | null; ... 4 more ...; transportId: string | null; }'.
app/student/profile/page.tsx(67,52): error TS7006: Parameter 'sum' implicitly has an 'any' type.
app/student/profile/page.tsx(67,57): error TS7006: Parameter 'f' implicitly has an 'any' type.
app/student/profile/page.tsx(77,38): error TS2339: Property 'user' does not exist on type '{ id: string; userId: string; admissionNo: string; rollNo: string | null; dob: Date | null; gender: string | null; address: string | null; phone: string | null; bloodGroup: string | null; ... 4 more ...; transportId: string | null; }'.
app/student/profile/page.tsx(80,90): error TS2339: Property 'user' does not exist on type '{ id: string; userId: string; admissionNo: string; rollNo: string | null; dob: Date | null; gender: string | null; address: string | null; phone: string | null; bloodGroup: string | null; ... 4 more ...; transportId: string | null; }'.
app/student/profile/page.tsx(81,72): error TS2551: Property 'class' does not exist on type '{ id: string; userId: string; admissionNo: string; rollNo: string | null; dob: Date | null; gender: string | null; address: string | null; phone: string | null; bloodGroup: string | null; ... 4 more ...; transportId: string | null; }'. Did you mean 'classId'?
app/student/profile/page.tsx(126,87): error TS2339: Property 'user' does not exist on type '{ id: string; userId: string; admissionNo: string; rollNo: string | null; dob: Date | null; gender: string | null; address: string | null; phone: string | null; bloodGroup: string | null; ... 4 more ...; transportId: string | null; }'.
app/student/profile/page.tsx(142,96): error TS2551: Property 'class' does not exist on type '{ id: string; userId: string; admissionNo: string; rollNo: string | null; dob: Date | null; gender: string | null; address: string | null; phone: string | null; bloodGroup: string | null; ... 4 more ...; transportId: string | null; }'. Did you mean 'classId'?
app/student/profile/page.tsx(151,30): error TS2551: Property 'parent' does not exist on type '{ id: string; userId: string; admissionNo: string; rollNo: string | null; dob: Date | null; gender: string | null; address: string | null; phone: string | null; bloodGroup: string | null; ... 4 more ...; transportId: string | null; }'. Did you mean 'parentId'?
app/student/profile/page.tsx(162,50): error TS2551: Property 'parent' does not exist on type '{ id: string; userId: string; admissionNo: string; rollNo: string | null; dob: Date | null; gender: string | null; address: string | null; phone: string | null; bloodGroup: string | null; ... 4 more ...; transportId: string | null; }'. Did you mean 'parentId'?
app/student/profile/page.tsx(165,87): error TS2551: Property 'parent' does not exist on type '{ id: string; userId: string; admissionNo: string; rollNo: string | null; dob: Date | null; gender: string | null; address: string | null; phone: string | null; bloodGroup: string | null; ... 4 more ...; transportId: string | null; }'. Did you mean 'parentId'?
app/student/profile/page.tsx(166,80): error TS2551: Property 'parent' does not exist on type '{ id: string; userId: string; admissionNo: string; rollNo: string | null; dob: Date | null; gender: string | null; address: string | null; phone: string | null; bloodGroup: string | null; ... 4 more ...; transportId: string | null; }'. Did you mean 'parentId'?
app/student/profile/page.tsx(200,38): error TS2339: Property 'payments' does not exist on type '{ id: string; userId: string; admissionNo: string; rollNo: string | null; dob: Date | null; gender: string | null; address: string | null; phone: string | null; bloodGroup: string | null; ... 4 more ...; transportId: string | null; }'.
app/student/profile/page.tsx(204,50): error TS2339: Property 'payments' does not exist on type '{ id: string; userId: string; admissionNo: string; rollNo: string | null; dob: Date | null; gender: string | null; address: string | null; phone: string | null; bloodGroup: string | null; ... 4 more ...; transportId: string | null; }'.
app/student/profile/page.tsx(204,76): error TS7006: Parameter 'payment' implicitly has an 'any' type.
app/student/profile/page.tsx(232,38): error TS2551: Property 'transport' does not exist on type '{ id: string; userId: string; admissionNo: string; rollNo: string | null; dob: Date | null; gender: string | null; address: string | null; phone: string | null; bloodGroup: string | null; ... 4 more ...; transportId: string | null; }'. Did you mean 'transportId'?
app/student/profile/page.tsx(237,83): error TS2551: Property 'transport' does not exist on type '{ id: string; userId: string; admissionNo: string; rollNo: string | null; dob: Date | null; gender: string | null; address: string | null; phone: string | null; bloodGroup: string | null; ... 4 more ...; transportId: string | null; }'. Did you mean 'transportId'?
app/student/profile/page.tsx(238,99): error TS2551: Property 'transport' does not exist on type '{ id: string; userId: string; admissionNo: string; rollNo: string | null; dob: Date | null; gender: string | null; address: string | null; phone: string | null; bloodGroup: string | null; ... 4 more ...; transportId: string | null; }'. Did you mean 'transportId'?
app/student/profile/page.tsx(242,46): error TS2551: Property 'transport' does not exist on type '{ id: string; userId: string; admissionNo: string; rollNo: string | null; dob: Date | null; gender: string | null; address: string | null; phone: string | null; bloodGroup: string | null; ... 4 more ...; transportId: string | null; }'. Did you mean 'transportId'?
app/student/profile/page.tsx(243,96): error TS2551: Property 'transport' does not exist on type '{ id: string; userId: string; admissionNo: string; rollNo: string | null; dob: Date | null; gender: string | null; address: string | null; phone: string | null; bloodGroup: string | null; ... 4 more ...; transportId: string | null; }'. Did you mean 'transportId'?
app/student/profile/page.tsx(246,46): error TS2551: Property 'transport' does not exist on type '{ id: string; userId: string; admissionNo: string; rollNo: string | null; dob: Date | null; gender: string | null; address: string | null; phone: string | null; bloodGroup: string | null; ... 4 more ...; transportId: string | null; }'. Did you mean 'transportId'?
app/student/profile/page.tsx(247,96): error TS2551: Property 'transport' does not exist on type '{ id: string; userId: string; admissionNo: string; rollNo: string | null; dob: Date | null; gender: string | null; address: string | null; phone: string | null; bloodGroup: string | null; ... 4 more ...; transportId: string | null; }'. Did you mean 'transportId'?
app/student/profile/page.tsx(250,46): error TS2339: Property 'transportMapping' does not exist on type '{ id: string; userId: string; admissionNo: string; rollNo: string | null; dob: Date | null; gender: string | null; address: string | null; phone: string | null; bloodGroup: string | null; ... 4 more ...; transportId: string | null; }'.
app/student/profile/page.tsx(251,103): error TS2339: Property 'transportMapping' does not exist on type '{ id: string; userId: string; admissionNo: string; rollNo: string | null; dob: Date | null; gender: string | null; address: string | null; phone: string | null; bloodGroup: string | null; ... 4 more ...; transportId: string | null; }'.
app/student/profile/page.tsx(254,46): error TS2339: Property 'transportMapping' does not exist on type '{ id: string; userId: string; admissionNo: string; rollNo: string | null; dob: Date | null; gender: string | null; address: string | null; phone: string | null; bloodGroup: string | null; ... 4 more ...; transportId: string | null; }'.
app/student/profile/page.tsx(255,101): error TS2339: Property 'transportMapping' does not exist on type '{ id: string; userId: string; admissionNo: string; rollNo: string | null; dob: Date | null; gender: string | null; address: string | null; phone: string | null; bloodGroup: string | null; ... 4 more ...; transportId: string | null; }'.
app/student/result/page.tsx(29,25): error TS2322: Type 'string | null' is not assignable to type 'string | StringFilter<"ExamSchedule"> | undefined'.
  Type 'null' is not assignable to type 'string | StringFilter<"ExamSchedule"> | undefined'.
app/student/result/page.tsx(106,39): error TS2339: Property 'name' does not exist on type '{ class: { academicYear: string; id: string; name: string; section: string; capacity: number; teacherId: string | null; } | null; } & { id: string; userId: string; admissionNo: string; rollNo: string | null; ... 9 more ...; transportId: string | null; }'.
app/student/result/page.tsx(109,45): error TS2339: Property 'fatherName' does not exist on type '{ class: { academicYear: string; id: string; name: string; section: string; capacity: number; teacherId: string | null; } | null; } & { id: string; userId: string; admissionNo: string; rollNo: string | null; ... 9 more ...; transportId: string | null; }'.
app/student/result/page.tsx(114,47): error TS2339: Property 'profileImage' does not exist on type '{ class: { academicYear: string; id: string; name: string; section: string; capacity: number; teacherId: string | null; } | null; } & { id: string; userId: string; admissionNo: string; rollNo: string | null; ... 9 more ...; transportId: string | null; }'.
app/student/transport/page.tsx(134,36): error TS2551: Property 'vehicle' does not exist on type '{ id: string; name: string | null; createdAt: Date; updatedAt: Date; routeNo: string; startPoint: string | null; endPoint: string | null; vehicleId: string | null; driverId: string | null; isActive: boolean; }'. Did you mean 'vehicleId'?
app/student/transport/page.tsx(138,76): error TS2551: Property 'vehicle' does not exist on type '{ id: string; name: string | null; createdAt: Date; updatedAt: Date; routeNo: string; startPoint: string | null; endPoint: string | null; vehicleId: string | null; driverId: string | null; isActive: boolean; }'. Did you mean 'vehicleId'?
app/student/transport/page.tsx(142,78): error TS2551: Property 'vehicle' does not exist on type '{ id: string; name: string | null; createdAt: Date; updatedAt: Date; routeNo: string; startPoint: string | null; endPoint: string | null; vehicleId: string | null; driverId: string | null; isActive: boolean; }'. Did you mean 'vehicleId'?
app/student/transport/page.tsx(146,78): error TS2551: Property 'vehicle' does not exist on type '{ id: string; name: string | null; createdAt: Date; updatedAt: Date; routeNo: string; startPoint: string | null; endPoint: string | null; vehicleId: string | null; driverId: string | null; isActive: boolean; }'. Did you mean 'vehicleId'?
app/student/transport/page.tsx(163,36): error TS2551: Property 'driver' does not exist on type '{ id: string; name: string | null; createdAt: Date; updatedAt: Date; routeNo: string; startPoint: string | null; endPoint: string | null; vehicleId: string | null; driverId: string | null; isActive: boolean; }'. Did you mean 'driverId'?
app/student/transport/page.tsx(167,78): error TS2551: Property 'driver' does not exist on type '{ id: string; name: string | null; createdAt: Date; updatedAt: Date; routeNo: string; startPoint: string | null; endPoint: string | null; vehicleId: string | null; driverId: string | null; isActive: boolean; }'. Did you mean 'driverId'?
app/student/transport/page.tsx(171,78): error TS2551: Property 'driver' does not exist on type '{ id: string; name: string | null; createdAt: Date; updatedAt: Date; routeNo: string; startPoint: string | null; endPoint: string | null; vehicleId: string | null; driverId: string | null; isActive: boolean; }'. Did you mean 'driverId'?
components/admin/finance/PaymentCollectionModal.tsx(9,26): error TS2307: Cannot find module '@/components/ui/textarea' or its corresponding type declarations.
components/admin/finance/PaymentCollectionModal.tsx(215,44): error TS7006: Parameter 'e' implicitly has an 'any' type.
components/DynamicLoaders.tsx(5,50): error TS2307: Cannot find module './Chart' or its corresponding type declarations.
components/DynamicLoaders.tsx(10,54): error TS2307: Cannot find module './DataTable' or its corresponding type declarations.
components/transport/TransportMap.tsx(4,15): error TS7016: Could not find a declaration file for module 'leaflet'. 'D:/School Management/node_modules/leaflet/dist/leaflet-src.js' implicitly has an 'any' type.
  Try `npm i --save-dev @types/leaflet` if it exists or add a new declaration (.d.ts) file containing `declare module 'leaflet';`
lib/actions.ts(391,13): error TS2353: Object literal may only specify known properties, and 'student' does not exist in type 'FeePaymentInclude<DefaultArgs>'.
lib/actions/academics.ts(532,21): error TS2322: Type 'string | null' is not assignable to type 'string | undefined'.
  Type 'null' is not assignable to type 'string | undefined'.
lib/actions/backup-export.ts(62,17): error TS2561: Object literal may only specify known properties, but 'academicYearId' does not exist in type '(Without<DataBackupCreateInput, DataBackupUncheckedCreateInput> & DataBackupUncheckedCreateInput) | (Without<...> & DataBackupCreateInput)'. Did you mean to write 'academicYear'?
lib/actions/backup-export.ts(155,32): error TS2339: Property 'dateOfBirth' does not exist on type '{ user: { name: string | null; email: string; }; class: { name: string; section: string; } | null; } & { id: string; userId: string; admissionNo: string; rollNo: string | null; dob: Date | null; ... 8 more ...; transportId: string | null; }'.
lib/actions/backup-export.ts(213,131): error TS2339: Property 'dateOfBirth' does not exist on type '{ user: { name: string | null; email: string; }; class: { name: string; section: string; } | null; } & { id: string; userId: string; admissionNo: string; rollNo: string | null; dob: Date | null; ... 8 more ...; transportId: string | null; }'.
lib/actions/backup-export.ts(266,22): error TS2561: Object literal may only specify known properties, but 'academicYearId' does not exist in type 'DataBackupWhereInput'. Did you mean to write 'academicYear'?
lib/actions/promotion-rules.ts(46,13): error TS2322: Type '{ fromClass: { select: { name: true; section: true; }; }; toClass: { select: { name: true; section: true; }; }; }' is not assignable to type 'never'.
lib/actions/promotion-rules.ts(98,17): error TS2353: Object literal may only specify known properties, and 'results' does not exist in type 'StudentInclude<DefaultArgs>'.
lib/actions/promotion-rules.ts(115,39): error TS2339: Property 'attendances' does not exist on type '{ id: string; userId: string; admissionNo: string; rollNo: string | null; dob: Date | null; gender: string | null; address: string | null; phone: string | null; bloodGroup: string | null; ... 4 more ...; transportId: string | null; }'.
lib/actions/promotion-rules.ts(116,41): error TS2339: Property 'attendances' does not exist on type '{ id: string; userId: string; admissionNo: string; rollNo: string | null; dob: Date | null; gender: string | null; address: string | null; phone: string | null; bloodGroup: string | null; ... 4 more ...; transportId: string | null; }'.
lib/actions/promotion-rules.ts(116,60): error TS7006: Parameter 'a' implicitly has an 'any' type.
lib/actions/promotion-rules.ts(126,54): error TS2339: Property 'results' does not exist on type '{ id: string; userId: string; admissionNo: string; rollNo: string | null; dob: Date | null; gender: string | null; address: string | null; phone: string | null; bloodGroup: string | null; ... 4 more ...; transportId: string | null; }'.
lib/actions/promotion-rules.ts(127,40): error TS2339: Property 'results' does not exist on type '{ id: string; userId: string; admissionNo: string; rollNo: string | null; dob: Date | null; gender: string | null; address: string | null; phone: string | null; bloodGroup: string | null; ... 4 more ...; transportId: string | null; }'.
lib/actions/promotion-rules.ts(127,56): error TS7006: Parameter 'sum' implicitly has an 'any' type.
lib/actions/promotion-rules.ts(127,61): error TS7006: Parameter 'r' implicitly has an 'any' type.
lib/actions/promotion-rules.ts(128,38): error TS2339: Property 'results' does not exist on type '{ id: string; userId: string; admissionNo: string; rollNo: string | null; dob: Date | null; gender: string | null; address: string | null; phone: string | null; bloodGroup: string | null; ... 4 more ...; transportId: string | null; }'.
lib/actions/promotion-rules.ts(128,54): error TS7006: Parameter 'sum' implicitly has an 'any' type.
lib/actions/promotion-rules.ts(128,59): error TS7006: Parameter 'r' implicitly has an 'any' type.
lib/actions/promotion-rules.ts(140,40): error TS2339: Property 'attendances' does not exist on type '{ id: string; userId: string; admissionNo: string; rollNo: string | null; dob: Date | null; gender: string | null; address: string | null; phone: string | null; bloodGroup: string | null; ... 4 more ...; transportId: string | null; }'.
lib/actions/promotion-rules.ts(141,29): error TS2339: Property 'attendances' does not exist on type '{ id: string; userId: string; admissionNo: string; rollNo: string | null; dob: Date | null; gender: string | null; address: string | null; phone: string | null; bloodGroup: string | null; ... 4 more ...; transportId: string | null; }'.
lib/actions/promotion-rules.ts(141,48): error TS7006: Parameter 'a' implicitly has an 'any' type.
lib/actions/promotion-rules.ts(141,94): error TS2339: Property 'attendances' does not exist on type '{ id: string; userId: string; admissionNo: string; rollNo: string | null; dob: Date | null; gender: string | null; address: string | null; phone: string | null; bloodGroup: string | null; ... 4 more ...; transportId: string | null; }'.
lib/actions/promotion-rules.ts(143,35): error TS2339: Property 'results' does not exist on type '{ id: string; userId: string; admissionNo: string; rollNo: string | null; dob: Date | null; gender: string | null; address: string | null; phone: string | null; bloodGroup: string | null; ... 4 more ...; transportId: string | null; }'.
lib/actions/promotion-rules.ts(144,29): error TS2339: Property 'results' does not exist on type '{ id: string; userId: string; admissionNo: string; rollNo: string | null; dob: Date | null; gender: string | null; address: string | null; phone: string | null; bloodGroup: string | null; ... 4 more ...; transportId: string | null; }'.
lib/actions/promotion-rules.ts(144,45): error TS7006: Parameter 'sum' implicitly has an 'any' type.
lib/actions/promotion-rules.ts(144,50): error TS7006: Parameter 'r' implicitly has an 'any' type.
lib/actions/promotion-rules.ts(144,84): error TS2339: Property 'results' does not exist on type '{ id: string; userId: string; admissionNo: string; rollNo: string | null; dob: Date | null; gender: string | null; address: string | null; phone: string | null; bloodGroup: string | null; ... 4 more ...; transportId: string | null; }'.
lib/actions/promotion-rules.ts(144,100): error TS7006: Parameter 'sum' implicitly has an 'any' type.
lib/actions/promotion-rules.ts(144,105): error TS7006: Parameter 'r' implicitly has an 'any' type.
lib/alert-utils.ts(80,34): error TS2339: Property 'payment' does not exist on type 'PrismaClient<PrismaClientOptions, never, DefaultArgs>'.
lib/analytics-actions.ts(25,44): error TS2339: Property 'payment' does not exist on type 'PrismaClient<PrismaClientOptions, never, DefaultArgs>'.
lib/analytics-actions.ts(139,40): error TS2339: Property 'payment' does not exist on type 'PrismaClient<PrismaClientOptions, never, DefaultArgs>'.
lib/backup-actions.ts(5,10): error TS2305: Module '"./encryption"' has no exported member 'encryptBackup'.
lib/backup-actions.ts(5,25): error TS2305: Module '"./encryption"' has no exported member 'decryptBackup'.
lib/backup-actions.ts(5,40): error TS2305: Module '"./encryption"' has no exported member 'initializeEncryption'.
lib/backup-actions.ts(5,62): error TS2305: Module '"./encryption"' has no exported member 'getKeyHash'.
lib/backup-actions.ts(178,70): error TS2339: Property 'recordCount' does not exist on type '{ success: boolean; message: string; filePath?: string | undefined; fileSize?: number | undefined; checksum?: string | undefined; } | { success: boolean; message: string; filePath?: string | undefined; fileSize?: number | undefined; recordCount?: number | undefined; }'.
  Property 'recordCount' does not exist on type '{ success: boolean; message: string; filePath?: string | undefined; fileSize?: number | undefined; checksum?: string | undefined; }'.
lib/finance-phase2-actions.ts(147,27): error TS2304: Cannot find name 'getFinancialSummary'.
lib/firebase-admin.ts(2,51): error TS2307: Cannot find module 'firebase-admin/app' or its corresponding type declarations.
lib/firebase-admin.ts(3,30): error TS2307: Cannot find module 'firebase-admin/messaging' or its corresponding type declarations.
lib/firebase-admin.ts(4,29): error TS2307: Cannot find module 'firebase-admin/database' or its corresponding type declarations.
lib/firebase.ts(2,40): error TS2307: Cannot find module 'firebase/app' or its corresponding type declarations.
lib/firebase.ts(3,64): error TS2307: Cannot find module 'firebase/messaging' or its corresponding type declarations.
lib/firebase.ts(4,29): error TS2307: Cannot find module 'firebase/database' or its corresponding type declarations.
lib/firebase.ts(19,5): error TS7034: Variable 'app' implicitly has type 'any' in some locations where its type cannot be determined.
lib/firebase.ts(29,25): error TS7006: Parameter 'supported' implicitly has an 'any' type.
lib/firebase.ts(31,38): error TS7005: Variable 'app' implicitly has an 'any' type.
lib/firebase.ts(74,34): error TS7006: Parameter 'payload' implicitly has an 'any' type.
lib/marks-entry-actions.ts(45,17): error TS2353: Object literal may only specify known properties, and 'status' does not exist in type 'Without<ExamResultCreateInput, ExamResultUncheckedCreateInput> & ExamResultUncheckedCreateInput'.
lib/marks-entry-actions.ts(51,17): error TS2353: Object literal may only specify known properties, and 'status' does not exist in type '(Without<ExamResultUpdateInput, ExamResultUncheckedUpdateInput> & ExamResultUncheckedUpdateInput) | (Without<...> & ExamResultUpdateInput)'.
lib/marks-entry-actions.ts(72,13): error TS2353: Object literal may only specify known properties, and 'workflowStatus' does not exist in type 'ExamResultWhereInput'.
lib/marks-entry-actions.ts(75,13): error TS2353: Object literal may only specify known properties, and 'workflowStatus' does not exist in type '(Without<ExamResultUpdateManyMutationInput, ExamResultUncheckedUpdateManyInput> & ExamResultUncheckedUpdateManyInput) | (Without<...> & ExamResultUpdateManyMutationInput)'.
lib/marks-entry-actions.ts(94,13): error TS2353: Object literal may only specify known properties, and 'workflowStatus' does not exist in type 'ExamResultWhereInput'.
lib/marks-entry-actions.ts(97,13): error TS2353: Object literal may only specify known properties, and 'workflowStatus' does not exist in type '(Without<ExamResultUpdateManyMutationInput, ExamResultUncheckedUpdateManyInput> & ExamResultUncheckedUpdateManyInput) | (Without<...> & ExamResultUpdateManyMutationInput)'.
lib/marks-entry-actions.ts(116,13): error TS2353: Object literal may only specify known properties, and 'workflowStatus' does not exist in type 'ExamResultWhereInput'.
lib/marks-entry-actions.ts(119,13): error TS2353: Object literal may only specify known properties, and 'workflowStatus' does not exist in type '(Without<ExamResultUpdateManyMutationInput, ExamResultUncheckedUpdateManyInput> & ExamResultUncheckedUpdateManyInput) | (Without<...> & ExamResultUpdateManyMutationInput)'.
lib/marks-import.ts(80,17): error TS2353: Object literal may only specify known properties, and 'status' does not exist in type 'Without<ExamResultCreateInput, ExamResultUncheckedCreateInput> & ExamResultUncheckedCreateInput'.
lib/marks-import.ts(86,17): error TS2353: Object literal may only specify known properties, and 'status' does not exist in type '(Without<ExamResultUpdateInput, ExamResultUncheckedUpdateInput> & ExamResultUncheckedUpdateInput) | (Without<...> & ExamResultUpdateInput)'.
lib/payment-actions.ts(61,13): error TS2353: Object literal may only specify known properties, and 'transactionId' does not exist in type 'Without<FeePaymentCreateInput, FeePaymentUncheckedCreateInput> & FeePaymentUncheckedCreateInput'.
lib/payment-actions.ts(150,32): error TS2339: Property 'transactionId' does not exist on type '{ studentFee: { student: { user: { id: string; name: string | null; phone: string; email: string; password: string; role: string; image: string | null; createdAt: Date; updatedAt: Date; }; class: { ...; } | null; } & { ...; }; feeStructure: { ...; }; } & { ...; }; } & { ...; }'.
lib/wallet-actions.ts(106,34): error TS2339: Property 'payment' does not exist on type 'PrismaClient<PrismaClientOptions, never, DefaultArgs>'.
prisma/seed.ts(15,18): error TS2339: Property 'payment' does not exist on type 'PrismaClient<PrismaClientOptions, never, DefaultArgs>'.
