app/admin/library/issue/page.tsx(41,37): error TS7006: Parameter 'book' implicitly has an 'any' type.
app/admin/library/page.tsx(52,44): error TS7006: Parameter 'book' implicitly has an 'any' type.
app/admin/library/page.tsx(87,36): error TS7006: Parameter 'book' implicitly has an 'any' type.
app/admin/library/reports/page.tsx(113,48): error TS7006: Parameter 'book' implicitly has an 'any' type.
app/admin/library/reports/page.tsx(113,54): error TS7006: Parameter 'index' implicitly has an 'any' type.
app/admin/notices/create/page.tsx(34,13): error TS2322: Type '{ id: string; user: { name: string | null; }; }[]' is not assignable to type '{ id: string; user: { name: string; }; }[]'.
  Type '{ id: string; user: { name: string | null; }; }' is not assignable to type '{ id: string; user: { name: string; }; }'.
    The types of 'user.name' are incompatible between these types.
      Type 'string | null' is not assignable to type 'string'.
        Type 'null' is not assignable to type 'string'.
app/admin/students/[id]/edit/page.tsx(43,56): error TS2322: Type 'string | null' is not assignable to type 'string | number | readonly string[] | undefined'.
  Type 'null' is not assignable to type 'string | number | readonly string[] | undefined'.
app/api/exams/marks/route.ts(18,17): error TS2561: Object literal may only specify known properties, but 'examGroupId_classId_subjectId' does not exist in type 'ExamScheduleWhereUniqueInput'. Did you mean to write 'schoolId_examGroupId_classId_subjectId'?
app/api/exams/marks/save/route.ts(32,25): error TS2353: Object literal may only specify known properties, and 'examScheduleId_studentId' does not exist in type 'ExamResultWhereUniqueInput'.
app/public-school/page.tsx(105,27): error TS2322: Type '(formData: FormData) => Promise<{ success: boolean; message: string; }>' is not assignable to type 'string | ((formData: FormData) => void | Promise<void>) | undefined'.
  Type '(formData: FormData) => Promise<{ success: boolean; message: string; }>' is not assignable to type '(formData: FormData) => void | Promise<void>'.
    Type 'Promise<{ success: boolean; message: string; }>' is not assignable to type 'void | Promise<void>'.
      Type 'Promise<{ success: boolean; message: string; }>' is not assignable to type 'Promise<void>'.
        Type '{ success: boolean; message: string; }' is not assignable to type 'void'.
auth.ts(72,54): error TS2339: Property 'subdomain' does not exist on type 'Partial<Record<"password" | "identifier", unknown>>'.
components/NotificationBell.tsx(60,38): error TS7006: Parameter 'n' implicitly has an 'any' type.
lib/audit-utils.ts(76,21): error TS7006: Parameter 'log' implicitly has an 'any' type.
lib/backup/manager.ts(28,17): error TS2353: Object literal may only specify known properties, and 'filename' does not exist in type 'Without<DataBackupCreateInput, DataBackupUncheckedCreateInput> & DataBackupUncheckedCreateInput'.
lib/driver-transport-actions.ts(442,34): error TS2339: Property 'user' does not exist on type 'never'.
lib/driver-transport-actions.ts(443,39): error TS2339: Property 'class' does not exist on type 'never'.
lib/driver-transport-actions.ts(444,35): error TS2339: Property 'user' does not exist on type 'never'.
lib/driver-transport-actions.ts(535,39): error TS2339: Property 'pickupStop' does not exist on type '{ id: string; schoolId: string; academicYear: string; studentId: string; fromClassId: string; toClassId: string; promotedBy: string; promotedAt: Date; remarks: string | null; isRolledBack: boolean; rolledBackAt: Date | null; rolledBackBy: string | null; }[] | ... 16 more ... | { ...; }[]'.
  Property 'pickupStop' does not exist on type '{ id: string; schoolId: string; academicYear: string; studentId: string; fromClassId: string; toClassId: string; promotedBy: string; promotedAt: Date; remarks: string | null; isRolledBack: boolean; rolledBackAt: Date | null; rolledBackBy: string | null; }[]'.
lib/driver-transport-actions.ts(536,39): error TS2339: Property 'dropStop' does not exist on type '{ id: string; schoolId: string; academicYear: string; studentId: string; fromClassId: string; toClassId: string; promotedBy: string; promotedAt: Date; remarks: string | null; isRolledBack: boolean; rolledBackAt: Date | null; rolledBackBy: string | null; }[] | ... 16 more ... | { ...; }[]'.
  Property 'dropStop' does not exist on type '{ id: string; schoolId: string; academicYear: string; studentId: string; fromClassId: string; toClassId: string; promotedBy: string; promotedAt: Date; remarks: string | null; isRolledBack: boolean; rolledBackAt: Date | null; rolledBackBy: string | null; }[]'.
lib/driver-transport-actions.ts(576,37): error TS2339: Property 'name' does not exist on type '{ id: string; schoolId: string; academicYear: string; studentId: string; fromClassId: string; toClassId: string; promotedBy: string; promotedAt: Date; remarks: string | null; isRolledBack: boolean; rolledBackAt: Date | null; rolledBackBy: string | null; }[] | ... 16 more ... | { ...; }[]'.
  Property 'name' does not exist on type '{ id: string; schoolId: string; academicYear: string; studentId: string; fromClassId: string; toClassId: string; promotedBy: string; promotedAt: Date; remarks: string | null; isRolledBack: boolean; rolledBackAt: Date | null; rolledBackBy: string | null; }[]'.
lib/driver-transport-actions.ts(578,61): error TS2339: Property 'name' does not exist on type '{ id: string; schoolId: string; academicYear: string; studentId: string; fromClassId: string; toClassId: string; promotedBy: string; promotedAt: Date; remarks: string | null; isRolledBack: boolean; rolledBackAt: Date | null; rolledBackBy: string | null; }[] | ... 16 more ... | { ...; }[]'.
  Property 'name' does not exist on type '{ id: string; schoolId: string; academicYear: string; studentId: string; fromClassId: string; toClassId: string; promotedBy: string; promotedAt: Date; remarks: string | null; isRolledBack: boolean; rolledBackAt: Date | null; rolledBackBy: string | null; }[]'.
lib/driver-transport-actions.ts(578,82): error TS2339: Property 'section' does not exist on type '{ id: string; schoolId: string; academicYear: string; studentId: string; fromClassId: string; toClassId: string; promotedBy: string; promotedAt: Date; remarks: string | null; isRolledBack: boolean; rolledBackAt: Date | null; rolledBackBy: string | null; }[] | ... 16 more ... | { ...; }[]'.
  Property 'section' does not exist on type '{ id: string; schoolId: string; academicYear: string; studentId: string; fromClassId: string; toClassId: string; promotedBy: string; promotedAt: Date; remarks: string | null; isRolledBack: boolean; rolledBackAt: Date | null; rolledBackBy: string | null; }[]'.
lib/driver-transport-actions.ts(578,112): error TS2339: Property 'section' does not exist on type '{ id: string; schoolId: string; academicYear: string; studentId: string; fromClassId: string; toClassId: string; promotedBy: string; promotedAt: Date; remarks: string | null; isRolledBack: boolean; rolledBackAt: Date | null; rolledBackBy: string | null; }[] | ... 16 more ... | { ...; }[]'.
  Property 'section' does not exist on type '{ id: string; schoolId: string; academicYear: string; studentId: string; fromClassId: string; toClassId: string; promotedBy: string; promotedAt: Date; remarks: string | null; isRolledBack: boolean; rolledBackAt: Date | null; rolledBackBy: string | null; }[]'.
lib/driver-transport-actions.ts(580,38): error TS2339: Property 'image' does not exist on type '{ id: string; schoolId: string; academicYear: string; studentId: string; fromClassId: string; toClassId: string; promotedBy: string; promotedAt: Date; remarks: string | null; isRolledBack: boolean; rolledBackAt: Date | null; rolledBackBy: string | null; }[] | ... 16 more ... | { ...; }[]'.
  Property 'image' does not exist on type '{ id: string; schoolId: string; academicYear: string; studentId: string; fromClassId: string; toClassId: string; promotedBy: string; promotedAt: Date; remarks: string | null; isRolledBack: boolean; rolledBackAt: Date | null; rolledBackBy: string | null; }[]'.
lib/driver-transport-actions.ts(626,17): error TS2353: Object literal may only specify known properties, and 'routeId' does not exist in type 'Without<StudentUpdateInput, StudentUncheckedUpdateInput> & StudentUncheckedUpdateInput'.
lib/driver-transport-actions.ts(863,17): error TS2353: Object literal may only specify known properties, and 'route' does not exist in type 'DriverTripInclude<DefaultArgs>'.
lib/expense-actions.ts(297,25): error TS7006: Parameter 'e' implicitly has an 'any' type.
lib/finance-actions.ts(362,21): error TS2322: Type '{ source: string; description: string; amount: any; date: any; reference: any; feePayment: { connect: { id: any; }; }; remarks: string; schoolId: string; }' is not assignable to type '(Without<IncomeCreateInput, IncomeUncheckedCreateInput> & IncomeUncheckedCreateInput) | (Without<...> & IncomeCreateInput)'.
  Types of property 'schoolId' are incompatible.
    Type 'string' is not assignable to type 'undefined'.
lib/marks-actions.ts(95,25): error TS2353: Object literal may only specify known properties, and 'examScheduleId_studentId' does not exist in type 'ExamResultWhereUniqueInput'.
lib/marks-import.ts(71,17): error TS2353: Object literal may only specify known properties, and 'examScheduleId_studentId' does not exist in type 'ExamResultWhereUniqueInput'.
lib/payment-actions.ts(200,65): error TS7006: Parameter 'sum' implicitly has an 'any' type.
lib/payment-actions.ts(200,70): error TS7006: Parameter 'p' implicitly has an 'any' type.
